ERROR: LoadError: TaskFailedException

    nested task error: UndefVarError: `nU_f` not defined
    Stacktrace:
     [1] calculate_two_step_likelihoods2(probe_img::EpisodicImage, image_pool::Vector{EpisodicImage}, p::Float64, currchunk::Int64)
       @ Main ~/Insync/naszhu@gmail.com/Google Drive/shulai@iu.edu 2022-09-04 14:28/IUB/Project-context/design3/modeling/E3/likelihood_calculations.jl:156
     [2] probe_evaluation2(image_pool::Vector{EpisodicImage}, probes::Vector{Probe})
       @ Main ~/Insync/naszhu@gmail.com/Google Drive/shulai@iu.edu 2022-09-04 14:28/IUB/Project-context/design3/modeling/E3/probe_evaluation.jl:249
     [3] run_single_simulation(sim_num::Int64)
       @ Main ~/Insync/naszhu@gmail.com/Google Drive/shulai@iu.edu 2022-09-04 14:28/IUB/Project-context/design3/modeling/E3/simulation.jl:238
     [4] macro expansion
       @ ~/Insync/naszhu@gmail.com/Google Drive/shulai@iu.edu 2022-09-04 14:28/IUB/Project-context/design3/modeling/E3/simulation.jl:312 [inlined]
     [5] (::var"#41#threadsfor_fun#99"{var"#41#threadsfor_fun#98#100"{Vector{Tuple{Vector{Any}, Vector{Any}}}, UnitRange{Int64}}})(tid::Int64; onethread::Bool)
       @ Main ./threadingconstructs.jl:215
     [6] #41#threadsfor_fun
       @ ./threadingconstructs.jl:182 [inlined]
     [7] (::Base.Threads.var"#1#2"{var"#41#threadsfor_fun#99"{var"#41#threadsfor_fun#98#100"{Vector{Tuple{Vector{Any}, Vector{Any}}}, UnitRange{Int64}}}, Int64})()
       @ Base.Threads ./threadingconstructs.jl:154
Stacktrace:
 [1] threading_run(fun::var"#41#threadsfor_fun#99"{var"#41#threadsfor_fun#98#100"{Vector{Tuple{Vector{Any}, Vector{Any}}}, UnitRange{Int64}}}, static::Bool)
   @ Base.Threads ./threadingconstructs.jl:172
 [2] macro expansion
   @ ./threadingconstructs.jl:220 [inlined]
 [3] simulate_rem()
   @ Main ~/Insync/naszhu@gmail.com/Google Drive/shulai@iu.edu 2022-09-04 14:28/IUB/Project-context/design3/modeling/E3/simulation.jl:308
 [4] top-level scope
   @ ~/Insync/naszhu@gmail.com/Google Drive/shulai@iu.edu 2022-09-04 14:28/IUB/Project-context/design3/modeling/E3/main_JL_E3_V0.jl:67
in expression starting at /home/lea/Insync/naszhu@gmail.com/Google Drive/shulai@iu.edu 2022-09-04 14:28/IUB/Project-context/design3/modeling/E3/main_JL_E3_V0.jl:67
prob of each feature change between list 0.456205657073253
prob of each feature drift between study and test 0.3061576390045623
prob of feature change after 4 lists 0.9923532395968934
prob of each all features had reinstate after 3 0.4879999999999999
Starting optimized simulation with 1 threads...
Running 100 simulations in parallel...
